warming up TensorFlow...
computing reference batch activations...
computing/reading reference batch statistics...
computing sample batch activations...
computing/reading sample batch statistics...
Computing evaluations...
Inception Score: 194.6307373046875
FID: 1.022181429027171
writing to /project/6105494/sunset/VQ-Projects/WassersteinVQ/VQGAN/reconstruction/Refinement/ImageNet/wasserstein_vq_refinement_65536_False_10_1.txt
warming up TensorFlow...
computing reference batch activations...
computing/reading reference batch statistics...
computing sample batch activations...
computing/reading sample batch statistics...
Computing evaluations...
Inception Score: 195.92849731445312
FID: 0.9920241534446177
writing to /project/6105494/sunset/VQ-Projects/WassersteinVQ/VQGAN/reconstruction/Refinement/ImageNet/wasserstein_vq_refinement_65536_False_10_2.txt
warming up TensorFlow...
computing reference batch activations...
computing/reading reference batch statistics...
computing sample batch activations...
computing/reading sample batch statistics...
Computing evaluations...
Inception Score: 197.30221557617188
FID: 0.9192755480104324
writing to /project/6105494/sunset/VQ-Projects/WassersteinVQ/VQGAN/reconstruction/Refinement/ImageNet/wasserstein_vq_refinement_65536_False_10_3.txt
warming up TensorFlow...
computing reference batch activations...
computing/reading reference batch statistics...
computing sample batch activations...
computing/reading sample batch statistics...
Computing evaluations...
Inception Score: 197.13735961914062
FID: 0.910483148986998
writing to /project/6105494/sunset/VQ-Projects/WassersteinVQ/VQGAN/reconstruction/Refinement/ImageNet/wasserstein_vq_refinement_65536_False_10_4.txt
warming up TensorFlow...
computing reference batch activations...
computing/reading reference batch statistics...
computing sample batch activations...
computing/reading sample batch statistics...
Computing evaluations...
Inception Score: 197.74960327148438
FID: 0.8911740126979453
writing to /project/6105494/sunset/VQ-Projects/WassersteinVQ/VQGAN/reconstruction/Refinement/ImageNet/wasserstein_vq_refinement_65536_False_10_5.txt
warming up TensorFlow...
computing reference batch activations...
computing/reading reference batch statistics...
computing sample batch activations...
computing/reading sample batch statistics...
Computing evaluations...
Inception Score: 197.72634887695312
FID: 0.8743655348144443
writing to /project/6105494/sunset/VQ-Projects/WassersteinVQ/VQGAN/reconstruction/Refinement/ImageNet/wasserstein_vq_refinement_65536_False_10_6.txt
warming up TensorFlow...
computing reference batch activations...
computing/reading reference batch statistics...
computing sample batch activations...
computing/reading sample batch statistics...
Computing evaluations...
Inception Score: 197.1796112060547
FID: 0.8826310720404535
writing to /project/6105494/sunset/VQ-Projects/WassersteinVQ/VQGAN/reconstruction/Refinement/ImageNet/wasserstein_vq_refinement_65536_False_10_7.txt
warming up TensorFlow...
computing reference batch activations...
computing/reading reference batch statistics...
computing sample batch activations...
computing/reading sample batch statistics...
Computing evaluations...
Inception Score: 199.02725219726562
FID: 0.8272850746767517
writing to /project/6105494/sunset/VQ-Projects/WassersteinVQ/VQGAN/reconstruction/Refinement/ImageNet/wasserstein_vq_refinement_65536_False_10_8.txt
warming up TensorFlow...
computing reference batch activations...
computing/reading reference batch statistics...
computing sample batch activations...
computing/reading sample batch statistics...
Computing evaluations...
Inception Score: 198.7007598876953
FID: 0.8133665388246527
writing to /project/6105494/sunset/VQ-Projects/WassersteinVQ/VQGAN/reconstruction/Refinement/ImageNet/wasserstein_vq_refinement_65536_False_10_9.txt
warming up TensorFlow...
computing reference batch activations...
computing/reading reference batch statistics...
computing sample batch activations...
computing/reading sample batch statistics...
Computing evaluations...
Inception Score: 198.38050842285156
FID: 0.8173746506491852
writing to /project/6105494/sunset/VQ-Projects/WassersteinVQ/VQGAN/reconstruction/Refinement/ImageNet/wasserstein_vq_refinement_65536_False_10_10.txt
warming up TensorFlow...
computing reference batch activations...
computing/reading reference batch statistics...
computing sample batch activations...
computing/reading sample batch statistics...
Computing evaluations...
Inception Score: 195.95912170410156
FID: 0.959893740926077
writing to /project/6105494/sunset/VQ-Projects/WassersteinVQ/VQGAN/reconstruction/Refinement/ImageNet/wasserstein_vq_refinement_65536_False_15_1.txt
warming up TensorFlow...
computing reference batch activations...
computing/reading reference batch statistics...
computing sample batch activations...
computing/reading sample batch statistics...
Computing evaluations...
Inception Score: 196.39537048339844
FID: 0.9829666784249298
writing to /project/6105494/sunset/VQ-Projects/WassersteinVQ/VQGAN/reconstruction/Refinement/ImageNet/wasserstein_vq_refinement_65536_False_15_2.txt
warming up TensorFlow...
computing reference batch activations...
computing/reading reference batch statistics...
computing sample batch activations...
computing/reading sample batch statistics...
Computing evaluations...
Inception Score: 197.20095825195312
FID: 0.9424088722746546
writing to /project/6105494/sunset/VQ-Projects/WassersteinVQ/VQGAN/reconstruction/Refinement/ImageNet/wasserstein_vq_refinement_65536_False_15_3.txt
warming up TensorFlow...
computing reference batch activations...
computing/reading reference batch statistics...
computing sample batch activations...
computing/reading sample batch statistics...
Computing evaluations...
Inception Score: 196.71534729003906
FID: 0.8936625595545138
writing to /project/6105494/sunset/VQ-Projects/WassersteinVQ/VQGAN/reconstruction/Refinement/ImageNet/wasserstein_vq_refinement_65536_False_15_4.txt
warming up TensorFlow...
computing reference batch activations...
computing/reading reference batch statistics...
computing sample batch activations...
computing/reading sample batch statistics...
Computing evaluations...
Inception Score: 197.4802703857422
FID: 0.8815656751065717
writing to /project/6105494/sunset/VQ-Projects/WassersteinVQ/VQGAN/reconstruction/Refinement/ImageNet/wasserstein_vq_refinement_65536_False_15_5.txt
warming up TensorFlow...
computing reference batch activations...
computing/reading reference batch statistics...
computing sample batch activations...
computing/reading sample batch statistics...
Computing evaluations...
Inception Score: 197.6453857421875
FID: 0.8746706159974451
writing to /project/6105494/sunset/VQ-Projects/WassersteinVQ/VQGAN/reconstruction/Refinement/ImageNet/wasserstein_vq_refinement_65536_False_15_6.txt
warming up TensorFlow...
computing reference batch activations...
computing/reading reference batch statistics...
computing sample batch activations...
computing/reading sample batch statistics...
Computing evaluations...
Inception Score: 197.03857421875
FID: 0.8905884502327126
writing to /project/6105494/sunset/VQ-Projects/WassersteinVQ/VQGAN/reconstruction/Refinement/ImageNet/wasserstein_vq_refinement_65536_False_15_7.txt
warming up TensorFlow...
computing reference batch activations...
computing/reading reference batch statistics...
computing sample batch activations...
computing/reading sample batch statistics...
Computing evaluations...
Inception Score: 198.67018127441406
FID: 0.8246995312454146
writing to /project/6105494/sunset/VQ-Projects/WassersteinVQ/VQGAN/reconstruction/Refinement/ImageNet/wasserstein_vq_refinement_65536_False_15_8.txt
warming up TensorFlow...
computing reference batch activations...
computing/reading reference batch statistics...
computing sample batch activations...
computing/reading sample batch statistics...
Computing evaluations...
Inception Score: 198.9959259033203
FID: 0.8317875962389962
writing to /project/6105494/sunset/VQ-Projects/WassersteinVQ/VQGAN/reconstruction/Refinement/ImageNet/wasserstein_vq_refinement_65536_False_15_9.txt
warming up TensorFlow...
computing reference batch activations...
computing/reading reference batch statistics...
computing sample batch activations...
computing/reading sample batch statistics...
Computing evaluations...
Inception Score: 198.54550170898438
FID: 0.8222166823242105
writing to /project/6105494/sunset/VQ-Projects/WassersteinVQ/VQGAN/reconstruction/Refinement/ImageNet/wasserstein_vq_refinement_65536_False_15_10.txt
warming up TensorFlow...
computing reference batch activations...
computing/reading reference batch statistics...
computing sample batch activations...
computing/reading sample batch statistics...
Computing evaluations...
Inception Score: 197.58700561523438
FID: 0.849176380374729
writing to /project/6105494/sunset/VQ-Projects/WassersteinVQ/VQGAN/reconstruction/Refinement/ImageNet/wasserstein_vq_refinement_65536_False_15_11.txt
warming up TensorFlow...
computing reference batch activations...
computing/reading reference batch statistics...
computing sample batch activations...
computing/reading sample batch statistics...
Computing evaluations...
Inception Score: 198.60850524902344
FID: 0.8255387283732603
writing to /project/6105494/sunset/VQ-Projects/WassersteinVQ/VQGAN/reconstruction/Refinement/ImageNet/wasserstein_vq_refinement_65536_False_15_12.txt
warming up TensorFlow...
computing reference batch activations...
computing/reading reference batch statistics...
computing sample batch activations...
computing/reading sample batch statistics...
Computing evaluations...
Inception Score: 198.7642059326172
FID: 0.8028364885241785
writing to /project/6105494/sunset/VQ-Projects/WassersteinVQ/VQGAN/reconstruction/Refinement/ImageNet/wasserstein_vq_refinement_65536_False_15_13.txt
warming up TensorFlow...
computing reference batch activations...
computing/reading reference batch statistics...
computing sample batch activations...
computing/reading sample batch statistics...
Computing evaluations...
Inception Score: 198.47833251953125
FID: 0.791447890033453
writing to /project/6105494/sunset/VQ-Projects/WassersteinVQ/VQGAN/reconstruction/Refinement/ImageNet/wasserstein_vq_refinement_65536_False_15_14.txt
warming up TensorFlow...
computing reference batch activations...
computing/reading reference batch statistics...
computing sample batch activations...
computing/reading sample batch statistics...
Computing evaluations...
Inception Score: 198.8828887939453
FID: 0.7974814721384291
writing to /project/6105494/sunset/VQ-Projects/WassersteinVQ/VQGAN/reconstruction/Refinement/ImageNet/wasserstein_vq_refinement_65536_False_15_15.txt
