warming up TensorFlow...
computing reference batch activations...
computing/reading reference batch statistics...
computing sample batch activations...
computing/reading sample batch statistics...
Computing evaluations...
Inception Score: 189.040283203125
FID: 1.2296066088737803
writing to /project/6105494/sunset/VQ-Projects/WassersteinVQ/VQGAN/reconstruction/Refinement/ImageNet/wasserstein_vq_refinement_16384_False_10_1.txt
warming up TensorFlow...
computing reference batch activations...
computing/reading reference batch statistics...
computing sample batch activations...
computing/reading sample batch statistics...
Computing evaluations...
Inception Score: 189.52847290039062
FID: 1.1773711367306419
writing to /project/6105494/sunset/VQ-Projects/WassersteinVQ/VQGAN/reconstruction/Refinement/ImageNet/wasserstein_vq_refinement_16384_False_10_2.txt
warming up TensorFlow...
computing reference batch activations...
computing/reading reference batch statistics...
computing sample batch activations...
computing/reading sample batch statistics...
Computing evaluations...
Inception Score: 191.30946350097656
FID: 1.1135561367997298
writing to /project/6105494/sunset/VQ-Projects/WassersteinVQ/VQGAN/reconstruction/Refinement/ImageNet/wasserstein_vq_refinement_16384_False_10_3.txt
warming up TensorFlow...
computing reference batch activations...
computing/reading reference batch statistics...
computing sample batch activations...
computing/reading sample batch statistics...
Computing evaluations...
Inception Score: 191.29055786132812
FID: 1.077447651033026
writing to /project/6105494/sunset/VQ-Projects/WassersteinVQ/VQGAN/reconstruction/Refinement/ImageNet/wasserstein_vq_refinement_16384_False_10_4.txt
warming up TensorFlow...
computing reference batch activations...
computing/reading reference batch statistics...
computing sample batch activations...
computing/reading sample batch statistics...
Computing evaluations...
Inception Score: 191.64285278320312
FID: 1.0299083853380466
writing to /project/6105494/sunset/VQ-Projects/WassersteinVQ/VQGAN/reconstruction/Refinement/ImageNet/wasserstein_vq_refinement_16384_False_10_5.txt
warming up TensorFlow...
computing reference batch activations...
computing/reading reference batch statistics...
computing sample batch activations...
computing/reading sample batch statistics...
Computing evaluations...
Inception Score: 192.02880859375
FID: 1.0051636610808146
writing to /project/6105494/sunset/VQ-Projects/WassersteinVQ/VQGAN/reconstruction/Refinement/ImageNet/wasserstein_vq_refinement_16384_False_10_6.txt
warming up TensorFlow...
computing reference batch activations...
computing/reading reference batch statistics...
computing sample batch activations...
computing/reading sample batch statistics...
Computing evaluations...
Inception Score: 192.83323669433594
FID: 1.0068882314380403
writing to /project/6105494/sunset/VQ-Projects/WassersteinVQ/VQGAN/reconstruction/Refinement/ImageNet/wasserstein_vq_refinement_16384_False_10_7.txt
warming up TensorFlow...
computing reference batch activations...
computing/reading reference batch statistics...
computing sample batch activations...
computing/reading sample batch statistics...
Computing evaluations...
Inception Score: 191.87716674804688
FID: 1.0407823735111492
writing to /project/6105494/sunset/VQ-Projects/WassersteinVQ/VQGAN/reconstruction/Refinement/ImageNet/wasserstein_vq_refinement_16384_False_10_8.txt
warming up TensorFlow...
computing reference batch activations...
computing/reading reference batch statistics...
computing sample batch activations...
computing/reading sample batch statistics...
Computing evaluations...
Inception Score: 192.86956787109375
FID: 0.976290018703196
writing to /project/6105494/sunset/VQ-Projects/WassersteinVQ/VQGAN/reconstruction/Refinement/ImageNet/wasserstein_vq_refinement_16384_False_10_9.txt
warming up TensorFlow...
computing reference batch activations...
computing/reading reference batch statistics...
computing sample batch activations...
computing/reading sample batch statistics...
Computing evaluations...
Inception Score: 190.79136657714844
FID: 1.067079420884852
writing to /project/6105494/sunset/VQ-Projects/WassersteinVQ/VQGAN/reconstruction/Refinement/ImageNet/wasserstein_vq_refinement_16384_False_10_10.txt
warming up TensorFlow...
computing reference batch activations...
computing/reading reference batch statistics...
computing sample batch activations...
computing/reading sample batch statistics...
Computing evaluations...
Inception Score: 188.9648895263672
FID: 1.2197349899196297
writing to /project/6105494/sunset/VQ-Projects/WassersteinVQ/VQGAN/reconstruction/Refinement/ImageNet/wasserstein_vq_refinement_16384_False_15_1.txt
warming up TensorFlow...
computing reference batch activations...
computing/reading reference batch statistics...
computing sample batch activations...
computing/reading sample batch statistics...
Computing evaluations...
Inception Score: 189.69921875
FID: 1.1926972693706261
writing to /project/6105494/sunset/VQ-Projects/WassersteinVQ/VQGAN/reconstruction/Refinement/ImageNet/wasserstein_vq_refinement_16384_False_15_2.txt
warming up TensorFlow...
computing reference batch activations...
computing/reading reference batch statistics...
computing sample batch activations...
computing/reading sample batch statistics...
Computing evaluations...
Inception Score: 191.0000762939453
FID: 1.111107878210646
writing to /project/6105494/sunset/VQ-Projects/WassersteinVQ/VQGAN/reconstruction/Refinement/ImageNet/wasserstein_vq_refinement_16384_False_15_3.txt
warming up TensorFlow...
computing reference batch activations...
computing/reading reference batch statistics...
computing sample batch activations...
computing/reading sample batch statistics...
Computing evaluations...
Inception Score: 191.10458374023438
FID: 1.0669751155229505
writing to /project/6105494/sunset/VQ-Projects/WassersteinVQ/VQGAN/reconstruction/Refinement/ImageNet/wasserstein_vq_refinement_16384_False_15_4.txt
warming up TensorFlow...
computing reference batch activations...
computing/reading reference batch statistics...
computing sample batch activations...
computing/reading sample batch statistics...
Computing evaluations...
Inception Score: 191.7895050048828
FID: 1.0320247240953222
writing to /project/6105494/sunset/VQ-Projects/WassersteinVQ/VQGAN/reconstruction/Refinement/ImageNet/wasserstein_vq_refinement_16384_False_15_5.txt
warming up TensorFlow...
computing reference batch activations...
computing/reading reference batch statistics...
computing sample batch activations...
computing/reading sample batch statistics...
Computing evaluations...
Inception Score: 192.33447265625
FID: 1.0044382125988705
writing to /project/6105494/sunset/VQ-Projects/WassersteinVQ/VQGAN/reconstruction/Refinement/ImageNet/wasserstein_vq_refinement_16384_False_15_6.txt
warming up TensorFlow...
computing reference batch activations...
computing/reading reference batch statistics...
computing sample batch activations...
computing/reading sample batch statistics...
Computing evaluations...
Inception Score: 193.0150909423828
FID: 0.9939739829250698
writing to /project/6105494/sunset/VQ-Projects/WassersteinVQ/VQGAN/reconstruction/Refinement/ImageNet/wasserstein_vq_refinement_16384_False_15_7.txt
warming up TensorFlow...
computing reference batch activations...
computing/reading reference batch statistics...
computing sample batch activations...
computing/reading sample batch statistics...
Computing evaluations...
Inception Score: 192.27577209472656
FID: 1.0218673184639329
writing to /project/6105494/sunset/VQ-Projects/WassersteinVQ/VQGAN/reconstruction/Refinement/ImageNet/wasserstein_vq_refinement_16384_False_15_8.txt
warming up TensorFlow...
computing reference batch activations...
computing/reading reference batch statistics...
computing sample batch activations...
computing/reading sample batch statistics...
Computing evaluations...
Inception Score: 192.6116943359375
FID: 1.0073346719961478
writing to /project/6105494/sunset/VQ-Projects/WassersteinVQ/VQGAN/reconstruction/Refinement/ImageNet/wasserstein_vq_refinement_16384_False_15_9.txt
warming up TensorFlow...
computing reference batch activations...
computing/reading reference batch statistics...
computing sample batch activations...
computing/reading sample batch statistics...
Computing evaluations...
Inception Score: 190.7919158935547
FID: 1.0694178349352228
writing to /project/6105494/sunset/VQ-Projects/WassersteinVQ/VQGAN/reconstruction/Refinement/ImageNet/wasserstein_vq_refinement_16384_False_15_10.txt
warming up TensorFlow...
computing reference batch activations...
computing/reading reference batch statistics...
computing sample batch activations...
computing/reading sample batch statistics...
Computing evaluations...
Inception Score: 193.36598205566406
FID: 0.9398632399365283
writing to /project/6105494/sunset/VQ-Projects/WassersteinVQ/VQGAN/reconstruction/Refinement/ImageNet/wasserstein_vq_refinement_16384_False_15_11.txt
warming up TensorFlow...
computing reference batch activations...
computing/reading reference batch statistics...
computing sample batch activations...
computing/reading sample batch statistics...
Computing evaluations...
Inception Score: 193.572998046875
FID: 0.9254233379247125
writing to /project/6105494/sunset/VQ-Projects/WassersteinVQ/VQGAN/reconstruction/Refinement/ImageNet/wasserstein_vq_refinement_16384_False_15_12.txt
warming up TensorFlow...
computing reference batch activations...
computing/reading reference batch statistics...
computing sample batch activations...
computing/reading sample batch statistics...
Computing evaluations...
Inception Score: 193.09786987304688
FID: 0.9546107065645515
writing to /project/6105494/sunset/VQ-Projects/WassersteinVQ/VQGAN/reconstruction/Refinement/ImageNet/wasserstein_vq_refinement_16384_False_15_13.txt
warming up TensorFlow...
computing reference batch activations...
computing/reading reference batch statistics...
computing sample batch activations...
computing/reading sample batch statistics...
Computing evaluations...
Inception Score: 192.85983276367188
FID: 0.9358218141513817
writing to /project/6105494/sunset/VQ-Projects/WassersteinVQ/VQGAN/reconstruction/Refinement/ImageNet/wasserstein_vq_refinement_16384_False_15_14.txt
warming up TensorFlow...
computing reference batch activations...
computing/reading reference batch statistics...
computing sample batch activations...
computing/reading sample batch statistics...
Computing evaluations...
Inception Score: 194.16165161132812
FID: 0.8976746480112752
writing to /project/6105494/sunset/VQ-Projects/WassersteinVQ/VQGAN/reconstruction/Refinement/ImageNet/wasserstein_vq_refinement_16384_False_15_15.txt
