downloading InceptionV3 model...
warming up TensorFlow...
computing reference batch activations...
computing/reading reference batch statistics...
computing sample batch activations...
computing/reading sample batch statistics...
Computing evaluations...
Inception Score: 195.21597290039062
FID: 1.0039344021283796
writing to /project/6105494/sunset/VQ-Projects/WassersteinVQ/VAR/reconstruction/Refinement/ImageNet/wasserstein_vq_refinement_4096_True_10_1.txt
warming up TensorFlow...
computing reference batch activations...
computing/reading reference batch statistics...
computing sample batch activations...
computing/reading sample batch statistics...
Computing evaluations...
Inception Score: 195.23910522460938
FID: 0.9721013650066084
writing to /project/6105494/sunset/VQ-Projects/WassersteinVQ/VAR/reconstruction/Refinement/ImageNet/wasserstein_vq_refinement_4096_True_10_2.txt
warming up TensorFlow...
computing reference batch activations...
computing/reading reference batch statistics...
computing sample batch activations...
computing/reading sample batch statistics...
Computing evaluations...
Inception Score: 195.7196044921875
FID: 0.9729520702686614
writing to /project/6105494/sunset/VQ-Projects/WassersteinVQ/VAR/reconstruction/Refinement/ImageNet/wasserstein_vq_refinement_4096_True_10_3.txt
warming up TensorFlow...
computing reference batch activations...
computing/reading reference batch statistics...
computing sample batch activations...
computing/reading sample batch statistics...
Computing evaluations...
Inception Score: 196.3303985595703
FID: 0.9411578771594691
writing to /project/6105494/sunset/VQ-Projects/WassersteinVQ/VAR/reconstruction/Refinement/ImageNet/wasserstein_vq_refinement_4096_True_10_4.txt
warming up TensorFlow...
computing reference batch activations...
computing/reading reference batch statistics...
computing sample batch activations...
computing/reading sample batch statistics...
Computing evaluations...
Inception Score: 196.9080810546875
FID: 0.9053756051396249
writing to /project/6105494/sunset/VQ-Projects/WassersteinVQ/VAR/reconstruction/Refinement/ImageNet/wasserstein_vq_refinement_4096_True_10_5.txt
warming up TensorFlow...
computing reference batch activations...
computing/reading reference batch statistics...
computing sample batch activations...
computing/reading sample batch statistics...
Computing evaluations...
Inception Score: 196.8688201904297
FID: 0.8874157564523557
writing to /project/6105494/sunset/VQ-Projects/WassersteinVQ/VAR/reconstruction/Refinement/ImageNet/wasserstein_vq_refinement_4096_True_10_6.txt
warming up TensorFlow...
computing reference batch activations...
computing/reading reference batch statistics...
computing sample batch activations...
computing/reading sample batch statistics...
Computing evaluations...
Inception Score: 196.93495178222656
FID: 0.85680097728806
writing to /project/6105494/sunset/VQ-Projects/WassersteinVQ/VAR/reconstruction/Refinement/ImageNet/wasserstein_vq_refinement_4096_True_10_7.txt
warming up TensorFlow...
computing reference batch activations...
computing/reading reference batch statistics...
computing sample batch activations...
computing/reading sample batch statistics...
Computing evaluations...
Inception Score: 196.79177856445312
FID: 0.883254683521784
writing to /project/6105494/sunset/VQ-Projects/WassersteinVQ/VAR/reconstruction/Refinement/ImageNet/wasserstein_vq_refinement_4096_True_10_8.txt
warming up TensorFlow...
computing reference batch activations...
computing/reading reference batch statistics...
computing sample batch activations...
computing/reading sample batch statistics...
Computing evaluations...
Inception Score: 197.2767333984375
FID: 0.8757067064240118
writing to /project/6105494/sunset/VQ-Projects/WassersteinVQ/VAR/reconstruction/Refinement/ImageNet/wasserstein_vq_refinement_4096_True_10_9.txt
warming up TensorFlow...
computing reference batch activations...
computing/reading reference batch statistics...
computing sample batch activations...
computing/reading sample batch statistics...
Computing evaluations...
Inception Score: 196.75823974609375
FID: 0.8812472041634578
writing to /project/6105494/sunset/VQ-Projects/WassersteinVQ/VAR/reconstruction/Refinement/ImageNet/wasserstein_vq_refinement_4096_True_10_10.txt
warming up TensorFlow...
computing reference batch activations...
computing/reading reference batch statistics...
computing sample batch activations...
computing/reading sample batch statistics...
Computing evaluations...
Inception Score: 194.72305297851562
FID: 1.0224900824667316
writing to /project/6105494/sunset/VQ-Projects/WassersteinVQ/VAR/reconstruction/Refinement/ImageNet/wasserstein_vq_refinement_4096_True_15_1.txt
warming up TensorFlow...
computing reference batch activations...
computing/reading reference batch statistics...
computing sample batch activations...
computing/reading sample batch statistics...
Computing evaluations...
Inception Score: 195.4623565673828
FID: 0.9621286641731785
writing to /project/6105494/sunset/VQ-Projects/WassersteinVQ/VAR/reconstruction/Refinement/ImageNet/wasserstein_vq_refinement_4096_True_15_2.txt
warming up TensorFlow...
computing reference batch activations...
computing/reading reference batch statistics...
computing sample batch activations...
computing/reading sample batch statistics...
Computing evaluations...
Inception Score: 195.8638458251953
FID: 0.976531931318334
writing to /project/6105494/sunset/VQ-Projects/WassersteinVQ/VAR/reconstruction/Refinement/ImageNet/wasserstein_vq_refinement_4096_True_15_3.txt
warming up TensorFlow...
computing reference batch activations...
computing/reading reference batch statistics...
computing sample batch activations...
computing/reading sample batch statistics...
Computing evaluations...
Inception Score: 195.96591186523438
FID: 0.9436915349804167
writing to /project/6105494/sunset/VQ-Projects/WassersteinVQ/VAR/reconstruction/Refinement/ImageNet/wasserstein_vq_refinement_4096_True_15_4.txt
warming up TensorFlow...
computing reference batch activations...
computing/reading reference batch statistics...
computing sample batch activations...
computing/reading sample batch statistics...
Computing evaluations...
Inception Score: 196.7232666015625
FID: 0.9093722044507899
writing to /project/6105494/sunset/VQ-Projects/WassersteinVQ/VAR/reconstruction/Refinement/ImageNet/wasserstein_vq_refinement_4096_True_15_5.txt
warming up TensorFlow...
computing reference batch activations...
computing/reading reference batch statistics...
computing sample batch activations...
computing/reading sample batch statistics...
Computing evaluations...
Inception Score: 196.80369567871094
FID: 0.8957473670533886
writing to /project/6105494/sunset/VQ-Projects/WassersteinVQ/VAR/reconstruction/Refinement/ImageNet/wasserstein_vq_refinement_4096_True_15_6.txt
warming up TensorFlow...
computing reference batch activations...
computing/reading reference batch statistics...
computing sample batch activations...
computing/reading sample batch statistics...
Computing evaluations...
Inception Score: 196.73880004882812
FID: 0.8820969209987197
writing to /project/6105494/sunset/VQ-Projects/WassersteinVQ/VAR/reconstruction/Refinement/ImageNet/wasserstein_vq_refinement_4096_True_15_7.txt
warming up TensorFlow...
computing reference batch activations...
computing/reading reference batch statistics...
computing sample batch activations...
computing/reading sample batch statistics...
Computing evaluations...
Inception Score: 197.3084716796875
FID: 0.861714431817802
writing to /project/6105494/sunset/VQ-Projects/WassersteinVQ/VAR/reconstruction/Refinement/ImageNet/wasserstein_vq_refinement_4096_True_15_8.txt
warming up TensorFlow...
computing reference batch activations...
computing/reading reference batch statistics...
computing sample batch activations...
computing/reading sample batch statistics...
Computing evaluations...
Inception Score: 196.61915588378906
FID: 0.8796422045552958
writing to /project/6105494/sunset/VQ-Projects/WassersteinVQ/VAR/reconstruction/Refinement/ImageNet/wasserstein_vq_refinement_4096_True_15_9.txt
warming up TensorFlow...
computing reference batch activations...
computing/reading reference batch statistics...
computing sample batch activations...
computing/reading sample batch statistics...
Computing evaluations...
Inception Score: 197.10549926757812
FID: 0.8824616363023665
writing to /project/6105494/sunset/VQ-Projects/WassersteinVQ/VAR/reconstruction/Refinement/ImageNet/wasserstein_vq_refinement_4096_True_15_10.txt
warming up TensorFlow...
computing reference batch activations...
computing/reading reference batch statistics...
computing sample batch activations...
computing/reading sample batch statistics...
Computing evaluations...
Inception Score: 197.74102783203125
FID: 0.8479633822807955
writing to /project/6105494/sunset/VQ-Projects/WassersteinVQ/VAR/reconstruction/Refinement/ImageNet/wasserstein_vq_refinement_4096_True_15_11.txt
warming up TensorFlow...
computing reference batch activations...
computing/reading reference batch statistics...
computing sample batch activations...
computing/reading sample batch statistics...
Computing evaluations...
Inception Score: 196.8824920654297
FID: 0.8705546048987571
writing to /project/6105494/sunset/VQ-Projects/WassersteinVQ/VAR/reconstruction/Refinement/ImageNet/wasserstein_vq_refinement_4096_True_15_12.txt
warming up TensorFlow...
computing reference batch activations...
computing/reading reference batch statistics...
computing sample batch activations...
computing/reading sample batch statistics...
Computing evaluations...
Inception Score: 197.85568237304688
FID: 0.8256644947153404
writing to /project/6105494/sunset/VQ-Projects/WassersteinVQ/VAR/reconstruction/Refinement/ImageNet/wasserstein_vq_refinement_4096_True_15_13.txt
warming up TensorFlow...
computing reference batch activations...
computing/reading reference batch statistics...
computing sample batch activations...
computing/reading sample batch statistics...
Computing evaluations...
Inception Score: 197.86019897460938
FID: 0.8201795083911634
writing to /project/6105494/sunset/VQ-Projects/WassersteinVQ/VAR/reconstruction/Refinement/ImageNet/wasserstein_vq_refinement_4096_True_15_14.txt
warming up TensorFlow...
computing reference batch activations...
computing/reading reference batch statistics...
computing sample batch activations...
computing/reading sample batch statistics...
Computing evaluations...
Inception Score: 197.83627319335938
FID: 0.8112922246216385
writing to /project/6105494/sunset/VQ-Projects/WassersteinVQ/VAR/reconstruction/Refinement/ImageNet/wasserstein_vq_refinement_4096_True_15_15.txt
