warming up TensorFlow...
computing reference batch activations...
computing/reading reference batch statistics...
computing sample batch activations...
computing/reading sample batch statistics...
Computing evaluations...
Inception Score: 193.20242309570312
FID: 1.090175661044782
writing to /project/6105494/sunset/VQ-Projects/WassersteinVQ/VQGAN/reconstruction/Refinement/ImageNet/wasserstein_vq_refinement_32768_False_10_1.txt
warming up TensorFlow...
computing reference batch activations...
computing/reading reference batch statistics...
computing sample batch activations...
computing/reading sample batch statistics...
Computing evaluations...
Inception Score: 192.37094116210938
FID: 1.0804733711673862
writing to /project/6105494/sunset/VQ-Projects/WassersteinVQ/VQGAN/reconstruction/Refinement/ImageNet/wasserstein_vq_refinement_32768_False_10_2.txt
warming up TensorFlow...
computing reference batch activations...
computing/reading reference batch statistics...
computing sample batch activations...
computing/reading sample batch statistics...
Computing evaluations...
Inception Score: 194.83750915527344
FID: 0.9679778433977617
writing to /project/6105494/sunset/VQ-Projects/WassersteinVQ/VQGAN/reconstruction/Refinement/ImageNet/wasserstein_vq_refinement_32768_False_10_3.txt
warming up TensorFlow...
computing reference batch activations...
computing/reading reference batch statistics...
computing sample batch activations...
computing/reading sample batch statistics...
Computing evaluations...
Inception Score: 194.79818725585938
FID: 0.9584759190094019
writing to /project/6105494/sunset/VQ-Projects/WassersteinVQ/VQGAN/reconstruction/Refinement/ImageNet/wasserstein_vq_refinement_32768_False_10_4.txt
warming up TensorFlow...
computing reference batch activations...
computing/reading reference batch statistics...
computing sample batch activations...
computing/reading sample batch statistics...
Computing evaluations...
Inception Score: 194.69302368164062
FID: 0.9500504728134729
writing to /project/6105494/sunset/VQ-Projects/WassersteinVQ/VQGAN/reconstruction/Refinement/ImageNet/wasserstein_vq_refinement_32768_False_10_5.txt
warming up TensorFlow...
computing reference batch activations...
computing/reading reference batch statistics...
computing sample batch activations...
computing/reading sample batch statistics...
Computing evaluations...
Inception Score: 194.2812957763672
FID: 0.9717280050014097
writing to /project/6105494/sunset/VQ-Projects/WassersteinVQ/VQGAN/reconstruction/Refinement/ImageNet/wasserstein_vq_refinement_32768_False_10_6.txt
warming up TensorFlow...
computing reference batch activations...
computing/reading reference batch statistics...
computing sample batch activations...
computing/reading sample batch statistics...
Computing evaluations...
Inception Score: 193.37777709960938
FID: 0.9857627380879421
writing to /project/6105494/sunset/VQ-Projects/WassersteinVQ/VQGAN/reconstruction/Refinement/ImageNet/wasserstein_vq_refinement_32768_False_10_7.txt
warming up TensorFlow...
computing reference batch activations...
computing/reading reference batch statistics...
computing sample batch activations...
computing/reading sample batch statistics...
Computing evaluations...
Inception Score: 196.2310791015625
FID: 0.8834093880873866
writing to /project/6105494/sunset/VQ-Projects/WassersteinVQ/VQGAN/reconstruction/Refinement/ImageNet/wasserstein_vq_refinement_32768_False_10_8.txt
warming up TensorFlow...
computing reference batch activations...
computing/reading reference batch statistics...
computing sample batch activations...
computing/reading sample batch statistics...
Computing evaluations...
Inception Score: 195.15432739257812
FID: 0.9072294457082535
writing to /project/6105494/sunset/VQ-Projects/WassersteinVQ/VQGAN/reconstruction/Refinement/ImageNet/wasserstein_vq_refinement_32768_False_10_9.txt
warming up TensorFlow...
computing reference batch activations...
computing/reading reference batch statistics...
computing sample batch activations...
computing/reading sample batch statistics...
Computing evaluations...
Inception Score: 195.6932830810547
FID: 0.9072619423810693
writing to /project/6105494/sunset/VQ-Projects/WassersteinVQ/VQGAN/reconstruction/Refinement/ImageNet/wasserstein_vq_refinement_32768_False_10_10.txt
warming up TensorFlow...
computing reference batch activations...
computing/reading reference batch statistics...
computing sample batch activations...
computing/reading sample batch statistics...
Computing evaluations...
Inception Score: 192.78054809570312
FID: 1.0818573693771327
writing to /project/6105494/sunset/VQ-Projects/WassersteinVQ/VQGAN/reconstruction/Refinement/ImageNet/wasserstein_vq_refinement_32768_False_15_1.txt
warming up TensorFlow...
computing reference batch activations...
computing/reading reference batch statistics...
computing sample batch activations...
computing/reading sample batch statistics...
Computing evaluations...
Inception Score: 192.81484985351562
FID: 1.0643100445714708
writing to /project/6105494/sunset/VQ-Projects/WassersteinVQ/VQGAN/reconstruction/Refinement/ImageNet/wasserstein_vq_refinement_32768_False_15_2.txt
warming up TensorFlow...
computing reference batch activations...
computing/reading reference batch statistics...
computing sample batch activations...
computing/reading sample batch statistics...
Computing evaluations...
Inception Score: 194.4630584716797
FID: 0.9738651968716567
writing to /project/6105494/sunset/VQ-Projects/WassersteinVQ/VQGAN/reconstruction/Refinement/ImageNet/wasserstein_vq_refinement_32768_False_15_3.txt
warming up TensorFlow...
computing reference batch activations...
computing/reading reference batch statistics...
computing sample batch activations...
computing/reading sample batch statistics...
Computing evaluations...
Inception Score: 194.6327667236328
FID: 0.940615829248145
writing to /project/6105494/sunset/VQ-Projects/WassersteinVQ/VQGAN/reconstruction/Refinement/ImageNet/wasserstein_vq_refinement_32768_False_15_4.txt
warming up TensorFlow...
computing reference batch activations...
computing/reading reference batch statistics...
computing sample batch activations...
computing/reading sample batch statistics...
Computing evaluations...
Inception Score: 194.59588623046875
FID: 0.9526089579999848
writing to /project/6105494/sunset/VQ-Projects/WassersteinVQ/VQGAN/reconstruction/Refinement/ImageNet/wasserstein_vq_refinement_32768_False_15_5.txt
warming up TensorFlow...
computing reference batch activations...
computing/reading reference batch statistics...
computing sample batch activations...
computing/reading sample batch statistics...
Computing evaluations...
Inception Score: 195.0623779296875
FID: 0.94361879988179
writing to /project/6105494/sunset/VQ-Projects/WassersteinVQ/VQGAN/reconstruction/Refinement/ImageNet/wasserstein_vq_refinement_32768_False_15_6.txt
warming up TensorFlow...
computing reference batch activations...
computing/reading reference batch statistics...
computing sample batch activations...
computing/reading sample batch statistics...
Computing evaluations...
Inception Score: 194.19552612304688
FID: 0.9605053261882404
writing to /project/6105494/sunset/VQ-Projects/WassersteinVQ/VQGAN/reconstruction/Refinement/ImageNet/wasserstein_vq_refinement_32768_False_15_7.txt
warming up TensorFlow...
computing reference batch activations...
computing/reading reference batch statistics...
computing sample batch activations...
computing/reading sample batch statistics...
Computing evaluations...
Inception Score: 196.18844604492188
FID: 0.8860078574850832
writing to /project/6105494/sunset/VQ-Projects/WassersteinVQ/VQGAN/reconstruction/Refinement/ImageNet/wasserstein_vq_refinement_32768_False_15_8.txt
warming up TensorFlow...
computing reference batch activations...
computing/reading reference batch statistics...
computing sample batch activations...
computing/reading sample batch statistics...
Computing evaluations...
Inception Score: 195.72940063476562
FID: 0.9103082337298929
writing to /project/6105494/sunset/VQ-Projects/WassersteinVQ/VQGAN/reconstruction/Refinement/ImageNet/wasserstein_vq_refinement_32768_False_15_9.txt
warming up TensorFlow...
computing reference batch activations...
computing/reading reference batch statistics...
computing sample batch activations...
computing/reading sample batch statistics...
Computing evaluations...
Inception Score: 195.39523315429688
FID: 0.8879823934562978
writing to /project/6105494/sunset/VQ-Projects/WassersteinVQ/VQGAN/reconstruction/Refinement/ImageNet/wasserstein_vq_refinement_32768_False_15_10.txt
warming up TensorFlow...
computing reference batch activations...
computing/reading reference batch statistics...
computing sample batch activations...
computing/reading sample batch statistics...
Computing evaluations...
Inception Score: 195.03208923339844
FID: 0.8974189386111675
writing to /project/6105494/sunset/VQ-Projects/WassersteinVQ/VQGAN/reconstruction/Refinement/ImageNet/wasserstein_vq_refinement_32768_False_15_11.txt
warming up TensorFlow...
computing reference batch activations...
computing/reading reference batch statistics...
computing sample batch activations...
computing/reading sample batch statistics...
Computing evaluations...
Inception Score: 196.9143524169922
FID: 0.8589850032251434
writing to /project/6105494/sunset/VQ-Projects/WassersteinVQ/VQGAN/reconstruction/Refinement/ImageNet/wasserstein_vq_refinement_32768_False_15_12.txt
warming up TensorFlow...
computing reference batch activations...
computing/reading reference batch statistics...
computing sample batch activations...
computing/reading sample batch statistics...
Computing evaluations...
Inception Score: 195.38865661621094
FID: 0.8840620607720666
writing to /project/6105494/sunset/VQ-Projects/WassersteinVQ/VQGAN/reconstruction/Refinement/ImageNet/wasserstein_vq_refinement_32768_False_15_13.txt
warming up TensorFlow...
computing reference batch activations...
computing/reading reference batch statistics...
computing sample batch activations...
computing/reading sample batch statistics...
Computing evaluations...
Inception Score: 196.4243621826172
FID: 0.8508729573206324
writing to /project/6105494/sunset/VQ-Projects/WassersteinVQ/VQGAN/reconstruction/Refinement/ImageNet/wasserstein_vq_refinement_32768_False_15_14.txt
warming up TensorFlow...
computing reference batch activations...
computing/reading reference batch statistics...
computing sample batch activations...
computing/reading sample batch statistics...
Computing evaluations...
Inception Score: 194.742431640625
FID: 0.9009039374303711
writing to /project/6105494/sunset/VQ-Projects/WassersteinVQ/VQGAN/reconstruction/Refinement/ImageNet/wasserstein_vq_refinement_32768_False_15_15.txt
