warming up TensorFlow...
computing reference batch activations...
computing/reading reference batch statistics...
computing sample batch activations...
computing/reading sample batch statistics...
Computing evaluations...
Inception Score: 198.1578826904297
FID: 0.9262506280684875
writing to /project/6105494/sunset/VQ-Projects/WassersteinVQ/VAR/reconstruction/Refinement/ImageNet/wasserstein_vq_refinement_8192_True_10_1.txt
warming up TensorFlow...
computing reference batch activations...
computing/reading reference batch statistics...
computing sample batch activations...
computing/reading sample batch statistics...
Computing evaluations...
Inception Score: 198.02163696289062
FID: 0.9321659507197069
writing to /project/6105494/sunset/VQ-Projects/WassersteinVQ/VAR/reconstruction/Refinement/ImageNet/wasserstein_vq_refinement_8192_True_10_2.txt
warming up TensorFlow...
computing reference batch activations...
computing/reading reference batch statistics...
computing sample batch activations...
computing/reading sample batch statistics...
Computing evaluations...
Inception Score: 199.1413116455078
FID: 0.8382076683189439
writing to /project/6105494/sunset/VQ-Projects/WassersteinVQ/VAR/reconstruction/Refinement/ImageNet/wasserstein_vq_refinement_8192_True_10_3.txt
warming up TensorFlow...
computing reference batch activations...
computing/reading reference batch statistics...
computing sample batch activations...
computing/reading sample batch statistics...
Computing evaluations...
Inception Score: 198.85804748535156
FID: 0.839239874971156
writing to /project/6105494/sunset/VQ-Projects/WassersteinVQ/VAR/reconstruction/Refinement/ImageNet/wasserstein_vq_refinement_8192_True_10_4.txt
warming up TensorFlow...
computing reference batch activations...
computing/reading reference batch statistics...
computing sample batch activations...
computing/reading sample batch statistics...
Computing evaluations...
Inception Score: 198.8933563232422
FID: 0.8469779932238453
writing to /project/6105494/sunset/VQ-Projects/WassersteinVQ/VAR/reconstruction/Refinement/ImageNet/wasserstein_vq_refinement_8192_True_10_5.txt
warming up TensorFlow...
computing reference batch activations...
computing/reading reference batch statistics...
computing sample batch activations...
computing/reading sample batch statistics...
Computing evaluations...
Inception Score: 199.16384887695312
FID: 0.818557298577332
writing to /project/6105494/sunset/VQ-Projects/WassersteinVQ/VAR/reconstruction/Refinement/ImageNet/wasserstein_vq_refinement_8192_True_10_6.txt
warming up TensorFlow...
computing reference batch activations...
computing/reading reference batch statistics...
computing sample batch activations...
computing/reading sample batch statistics...
Computing evaluations...
Inception Score: 199.51223754882812
FID: 0.808844436922584
writing to /project/6105494/sunset/VQ-Projects/WassersteinVQ/VAR/reconstruction/Refinement/ImageNet/wasserstein_vq_refinement_8192_True_10_7.txt
warming up TensorFlow...
computing reference batch activations...
computing/reading reference batch statistics...
computing sample batch activations...
computing/reading sample batch statistics...
Computing evaluations...
Inception Score: 199.89817810058594
FID: 0.8090425310442129
writing to /project/6105494/sunset/VQ-Projects/WassersteinVQ/VAR/reconstruction/Refinement/ImageNet/wasserstein_vq_refinement_8192_True_10_8.txt
warming up TensorFlow...
computing reference batch activations...
computing/reading reference batch statistics...
computing sample batch activations...
computing/reading sample batch statistics...
Computing evaluations...
Inception Score: 199.6923065185547
FID: 0.814914410630422
writing to /project/6105494/sunset/VQ-Projects/WassersteinVQ/VAR/reconstruction/Refinement/ImageNet/wasserstein_vq_refinement_8192_True_10_9.txt
warming up TensorFlow...
computing reference batch activations...
computing/reading reference batch statistics...
computing sample batch activations...
computing/reading sample batch statistics...
Computing evaluations...
Inception Score: 200.43824768066406
FID: 0.7901406043148427
writing to /project/6105494/sunset/VQ-Projects/WassersteinVQ/VAR/reconstruction/Refinement/ImageNet/wasserstein_vq_refinement_8192_True_10_10.txt
warming up TensorFlow...
computing reference batch activations...
computing/reading reference batch statistics...
computing sample batch activations...
computing/reading sample batch statistics...
Computing evaluations...
Inception Score: 198.38002014160156
FID: 0.9303293050849675
writing to /project/6105494/sunset/VQ-Projects/WassersteinVQ/VAR/reconstruction/Refinement/ImageNet/wasserstein_vq_refinement_8192_True_15_1.txt
warming up TensorFlow...
computing reference batch activations...
computing/reading reference batch statistics...
computing sample batch activations...
computing/reading sample batch statistics...
Computing evaluations...
Inception Score: 198.18130493164062
FID: 0.9207917521581521
writing to /project/6105494/sunset/VQ-Projects/WassersteinVQ/VAR/reconstruction/Refinement/ImageNet/wasserstein_vq_refinement_8192_True_15_2.txt
warming up TensorFlow...
computing reference batch activations...
computing/reading reference batch statistics...
computing sample batch activations...
computing/reading sample batch statistics...
Computing evaluations...
Inception Score: 198.558349609375
FID: 0.8472366920647119
writing to /project/6105494/sunset/VQ-Projects/WassersteinVQ/VAR/reconstruction/Refinement/ImageNet/wasserstein_vq_refinement_8192_True_15_3.txt
warming up TensorFlow...
computing reference batch activations...
computing/reading reference batch statistics...
computing sample batch activations...
computing/reading sample batch statistics...
Computing evaluations...
Inception Score: 199.12875366210938
FID: 0.8428610089332551
writing to /project/6105494/sunset/VQ-Projects/WassersteinVQ/VAR/reconstruction/Refinement/ImageNet/wasserstein_vq_refinement_8192_True_15_4.txt
warming up TensorFlow...
computing reference batch activations...
computing/reading reference batch statistics...
computing sample batch activations...
computing/reading sample batch statistics...
Computing evaluations...
Inception Score: 199.56777954101562
FID: 0.8376169184468836
writing to /project/6105494/sunset/VQ-Projects/WassersteinVQ/VAR/reconstruction/Refinement/ImageNet/wasserstein_vq_refinement_8192_True_15_5.txt
warming up TensorFlow...
computing reference batch activations...
computing/reading reference batch statistics...
computing sample batch activations...
computing/reading sample batch statistics...
Computing evaluations...
Inception Score: 199.307373046875
FID: 0.8281531527450738
writing to /project/6105494/sunset/VQ-Projects/WassersteinVQ/VAR/reconstruction/Refinement/ImageNet/wasserstein_vq_refinement_8192_True_15_6.txt
warming up TensorFlow...
computing reference batch activations...
computing/reading reference batch statistics...
computing sample batch activations...
computing/reading sample batch statistics...
Computing evaluations...
Inception Score: 199.6859588623047
FID: 0.8062027551749225
writing to /project/6105494/sunset/VQ-Projects/WassersteinVQ/VAR/reconstruction/Refinement/ImageNet/wasserstein_vq_refinement_8192_True_15_7.txt
warming up TensorFlow...
computing reference batch activations...
computing/reading reference batch statistics...
computing sample batch activations...
computing/reading sample batch statistics...
Computing evaluations...
Inception Score: 200.0738983154297
FID: 0.7985131998725592
writing to /project/6105494/sunset/VQ-Projects/WassersteinVQ/VAR/reconstruction/Refinement/ImageNet/wasserstein_vq_refinement_8192_True_15_8.txt
warming up TensorFlow...
computing reference batch activations...
computing/reading reference batch statistics...
computing sample batch activations...
computing/reading sample batch statistics...
Computing evaluations...
Inception Score: 200.20193481445312
FID: 0.8089521357686067
writing to /project/6105494/sunset/VQ-Projects/WassersteinVQ/VAR/reconstruction/Refinement/ImageNet/wasserstein_vq_refinement_8192_True_15_9.txt
warming up TensorFlow...
computing reference batch activations...
computing/reading reference batch statistics...
computing sample batch activations...
computing/reading sample batch statistics...
Computing evaluations...
Inception Score: 200.35678100585938
FID: 0.7850529849488908
writing to /project/6105494/sunset/VQ-Projects/WassersteinVQ/VAR/reconstruction/Refinement/ImageNet/wasserstein_vq_refinement_8192_True_15_10.txt
warming up TensorFlow...
computing reference batch activations...
computing/reading reference batch statistics...
computing sample batch activations...
computing/reading sample batch statistics...
Computing evaluations...
Inception Score: 199.9444580078125
FID: 0.7697190279715187
writing to /project/6105494/sunset/VQ-Projects/WassersteinVQ/VAR/reconstruction/Refinement/ImageNet/wasserstein_vq_refinement_8192_True_15_11.txt
warming up TensorFlow...
computing reference batch activations...
computing/reading reference batch statistics...
computing sample batch activations...
computing/reading sample batch statistics...
Computing evaluations...
Inception Score: 201.01304626464844
FID: 0.7646695505866319
writing to /project/6105494/sunset/VQ-Projects/WassersteinVQ/VAR/reconstruction/Refinement/ImageNet/wasserstein_vq_refinement_8192_True_15_12.txt
warming up TensorFlow...
computing reference batch activations...
computing/reading reference batch statistics...
computing sample batch activations...
computing/reading sample batch statistics...
Computing evaluations...
Inception Score: 201.14266967773438
FID: 0.7294538218677076
writing to /project/6105494/sunset/VQ-Projects/WassersteinVQ/VAR/reconstruction/Refinement/ImageNet/wasserstein_vq_refinement_8192_True_15_13.txt
warming up TensorFlow...
computing reference batch activations...
computing/reading reference batch statistics...
computing sample batch activations...
computing/reading sample batch statistics...
Computing evaluations...
Inception Score: 200.34686279296875
FID: 0.771008739482852
writing to /project/6105494/sunset/VQ-Projects/WassersteinVQ/VAR/reconstruction/Refinement/ImageNet/wasserstein_vq_refinement_8192_True_15_14.txt
warming up TensorFlow...
computing reference batch activations...
computing/reading reference batch statistics...
computing sample batch activations...
computing/reading sample batch statistics...
Computing evaluations...
Inception Score: 199.82077026367188
FID: 0.7962652312602927
writing to /project/6105494/sunset/VQ-Projects/WassersteinVQ/VAR/reconstruction/Refinement/ImageNet/wasserstein_vq_refinement_8192_True_15_15.txt
